Building COM object...
mcc -M -silentsetup -d 'C:/HONUS/Matlabresurce/TMsourcefiles//src'  -B 'ccom:TM,TMclass,1.0'    'C:/HONUS/Matlabresurce/TMsourcefiles/TMAir.m' 'C:/HONUS/Matlabresurce/TMsourcefiles/TMCalc.m' 'C:/HONUS/Matlabresurce/TMsourcefiles/TMCheck.m' 'C:/HONUS/Matlabresurce/TMsourcefiles/TMElastic.m' 'C:/HONUS/Matlabresurce/TMsourcefiles/TMElasticPanel.m' 'C:/HONUS/Matlabresurce/TMsourcefiles/TMEye.m' 'C:/HONUS/Matlabresurce/TMsourcefiles/TMImperMemb.m' 'C:/HONUS/Matlabresurce/TMsourcefiles/TMInit.m' 'C:/HONUS/Matlabresurce/TMsourcefiles/TMLimp.m' 'C:/HONUS/Matlabresurce/TMsourcefiles/TMMul.m' 'C:/HONUS/Matlabresurce/TMsourcefiles/TMPanel.m' 'C:/HONUS/Matlabresurce/TMsourcefiles/TMPanelElastic.m' 'C:/HONUS/Matlabresurce/TMsourcefiles/TMPanelElasticPanel.m' 'C:/HONUS/Matlabresurce/TMsourcefiles/TMperMemb.m' 'C:/HONUS/Matlabresurce/TMsourcefiles/TMRigid.m'   
Warning: (PM): Duplicate directory name: C:/HONUS/Matlabresurce/TMsourcefiles. 
Warning: (PM): Duplicate directory name: C:/HONUS/Matlabresurce/TMsourcefiles. 
Warning: (PM): Duplicate directory name: C:/HONUS/Matlabresurce/TMsourcefiles. 
Warning: (PM): Duplicate directory name: C:/HONUS/Matlabresurce/TMsourcefiles. 
Warning: (PM): Duplicate directory name: C:/HONUS/Matlabresurce/TMsourcefiles. 
Warning: (PM): Duplicate directory name: C:/HONUS/Matlabresurce/TMsourcefiles. 
Warning: (PM): Duplicate directory name: C:/HONUS/Matlabresurce/TMsourcefiles. 
Warning: (PM): Duplicate directory name: C:/HONUS/Matlabresurce/TMsourcefiles. 
Warning: (PM): Duplicate directory name: C:/HONUS/Matlabresurce/TMsourcefiles. 
Warning: (PM): Duplicate directory name: C:/HONUS/Matlabresurce/TMsourcefiles. 
Warning: (PM): Duplicate directory name: C:/HONUS/Matlabresurce/TMsourcefiles. 
Warning: (PM): Duplicate directory name: C:/HONUS/Matlabresurce/TMsourcefiles. 
Warning: (PM): Duplicate directory name: C:/HONUS/Matlabresurce/TMsourcefiles. 
Warning: (PM): Duplicate directory name: C:/HONUS/Matlabresurce/TMsourcefiles. 
  
  To get started, type one of these: helpwin, helpdesk, or demo. 
  For product information, visit www.mathworks.com. 
  
mwcomtypes.idl 
oaidl.idl 
objidl.idl 
unknwn.idl 
wtypes.idl 
basetsd.h 
guiddef.h 
ocidl.idl 
oleidl.idl 
servprov.idl 
urlmon.idl 
msxml.idl 
oaidl.acf 
ocidl.acf 
tm_idl.idl 
oaidl.idl 
objidl.idl 
unknwn.idl 
wtypes.idl 
basetsd.h 
guiddef.h 
ocidl.idl 
oleidl.idl 
servprov.idl 
urlmon.idl 
msxml.idl 
mwcomtypes.idl 
oaidl.acf 
ocidl.acf 

Creating distrib directory.
Moving files to distrib.
Registering new location of DLL.
mwregsvr C:\HONUS\Matlabresurce\TMsourcefiles\distrib\TM_1_0.dll
Creating file list for deployment package.
Creating installation script for deployment.

Standalone DLL build complete.