
An unexpected exception has been detected in native code outside the VM.
Unexpected Signal : EXCEPTION_ACCESS_VIOLATION (0xc0000005) occurred at PC=0x7841205C
Function=Java_sun_awt_font_GlyphList_discardData+0x662C
Library=C:\Program Files\MathWorks\MATLAB Component Runtime\v71\sys\java\jre\win32\jre1.4.2_04\bin\fontmanager.dll

Current Java thread:
	at sun.awt.font.NativeFontWrapper.registerFonts(Native Method)
	- locked <0x1422b460> (a java.lang.Class)
	at sun.java2d.SunGraphicsEnvironment.addPathFonts(Unknown Source)
	at sun.java2d.SunGraphicsEnvironment.registerFonts(Unknown Source)
	at sun.java2d.SunGraphicsEnvironment.access$200(Unknown Source)
	at sun.java2d.SunGraphicsEnvironment$2.run(Unknown Source)
	at java.security.AccessController.doPrivileged(Native Method)
	at sun.java2d.SunGraphicsEnvironment.loadFonts(Unknown Source)
	- locked <0x102308b8> (a sun.awt.Win32GraphicsEnvironment)
	at sun.java2d.SunGraphicsEnvironment.mapFontName(Unknown Source)
	at java.awt.Font.initializeFont(Unknown Source)
	at java.awt.Font.<init>(Unknown Source)
	at sun.awt.windows.WDesktopProperties.setFontProperty(Unknown Source)
	- locked <0x10230060> (a sun.awt.windows.WDesktopProperties)
	at sun.awt.windows.WDesktopProperties.getWindowsParameters(Native Method)
	at sun.awt.windows.WDesktopProperties.<init>(Unknown Source)
	at sun.awt.windows.WToolkit.initializeDesktopProperties(Unknown Source)
	at java.awt.Toolkit.getDesktopProperty(Unknown Source)
	- locked <0x10230080> (a sun.awt.windows.WToolkit)
	at com.mathworks.util.PlatformInfo.<clinit>(PlatformInfo.java:422)
	at com.mathworks.mwt.message.MWLooper.<clinit>(MWLooper.java:116)

Dynamic libraries:
0x00400000 - 0x00408000 	D:\3.HR\honus CCC\HONUS\bin\Debug\HONUS.vshost.exe
0x7C930000 - 0x7C9CE000 	C:\WINDOWS\system32\ntdll.dll
0x79000000 - 0x7904A000 	C:\WINDOWS\system32\mscoree.dll
0x7C7D0000 - 0x7C900000 	C:\WINDOWS\system32\KERNEL32.dll
0x77F50000 - 0x77FF8000 	C:\WINDOWS\system32\ADVAPI32.dll
0x77D80000 - 0x77E13000 	C:\WINDOWS\system32\RPCRT4.dll
0x77EF0000 - 0x77F01000 	C:\WINDOWS\system32\Secur32.dll
0x603B0000 - 0x60416000 	C:\WINDOWS\Microsoft.NET\Framework\v4.0.30319\mscoreei.dll
0x77E70000 - 0x77EE6000 	C:\WINDOWS\system32\SHLWAPI.dll
0x77E20000 - 0x77E69000 	C:\WINDOWS\system32\GDI32.dll
0x77CF0000 - 0x77D80000 	C:\WINDOWS\system32\USER32.dll
0x77BC0000 - 0x77C18000 	C:\WINDOWS\system32\msvcrt.dll
0x762E0000 - 0x762FD000 	C:\WINDOWS\system32\IMM32.DLL
0x62340000 - 0x62349000 	C:\WINDOWS\system32\LPK.DLL
0x73F80000 - 0x73FEB000 	C:\WINDOWS\system32\USP10.dll
0x79140000 - 0x797B0000 	C:\WINDOWS\Microsoft.NET\Framework\v4.0.30319\clr.dll
0x79060000 - 0x7911E000 	C:\WINDOWS\system32\MSVCR100_CLR0400.dll
0x79880000 - 0x7A643000 	C:\WINDOWS\assembly\NativeImages_v4.0.30319_32\mscorlib\4b31b2b5c9fb245c4f5c4ec9d182c0f4\mscorlib.ni.dll
0x60340000 - 0x6034D000 	C:\WINDOWS\Microsoft.NET\Framework\v4.0.30319\culture.dll
0x60930000 - 0x60940000 	C:\WINDOWS\Microsoft.NET\Framework\v4.0.30319\nlssorting.dll
0x79810000 - 0x79870000 	C:\WINDOWS\Microsoft.NET\Framework\v4.0.30319\clrjit.dll
0x76970000 - 0x76AAE000 	C:\WINDOWS\system32\ole32.dll
0x76F80000 - 0x76FFF000 	C:\WINDOWS\system32\CLBCATQ.DLL
0x77000000 - 0x770A7000 	C:\WINDOWS\system32\COMRes.dll
0x770D0000 - 0x7715B000 	C:\WINDOWS\system32\OLEAUT32.dll
0x77BB0000 - 0x77BB8000 	C:\WINDOWS\system32\VERSION.dll
0x030D0000 - 0x0362B000 	C:\WINDOWS\system32\xpsp2res.dll
0x68000000 - 0x68036000 	C:\WINDOWS\system32\rsaenh.dll
0x7A830000 - 0x7B0E1000 	C:\WINDOWS\assembly\NativeImages_v4.0.30319_32\System\fff3723b5e0c2ffca31bc47e843e8ceb\System.ni.dll
0x7B1A0000 - 0x7B339000 	C:\WINDOWS\assembly\NativeImages_v4.0.30319_32\System.Drawing\adf2cfc6c1348750306e66a2e8244273\System.Drawing.ni.dll
0x7B350000 - 0x7BFE9000 	C:\WINDOWS\assembly\NativeImages_v4.0.30319_32\System.Windows.Forms\c5336706bf448ad290e676db86191169\System.Windows.Forms.ni.dll
0x4FFF0000 - 0x4FFF8000 	C:\Program Files\Microsoft Visual Studio 10.0\Common7\Packages\Debugger\x86\Microsoft.VisualStudio.Debugger.Runtime.Impl.dll
0x78AA0000 - 0x78B5E000 	C:\WINDOWS\system32\MSVCR100.dll
0x3FDE0000 - 0x40221000 	C:\WINDOWS\system32\msi.dll
0x75DE0000 - 0x75E8F000 	C:\WINDOWS\system32\SXS.DLL
0x76BA0000 - 0x76BAB000 	C:\WINDOWS\system32\psapi.dll
0x60E50000 - 0x6150D000 	C:\WINDOWS\assembly\NativeImages_v4.0.30319_32\System.Core\2017b53af39fde64eee72b8efa9fb464\System.Core.ni.dll
0x61750000 - 0x61DD2000 	C:\WINDOWS\assembly\NativeImages_v4.0.30319_32\System.Data\bc4f529fff31ea96aa688c1badd70e89\System.Data.ni.dll
0x03AB0000 - 0x03D8C000 	C:\WINDOWS\Microsoft.Net\assembly\GAC_32\System.Data\v4.0_4.0.0.0__b77a5c561934e089\System.Data.dll
0x719E0000 - 0x719F7000 	C:\WINDOWS\system32\WS2_32.dll
0x719D0000 - 0x719D8000 	C:\WINDOWS\system32\WS2HELP.dll
0x765C0000 - 0x76656000 	C:\WINDOWS\system32\CRYPT32.dll
0x77C40000 - 0x77C52000 	C:\WINDOWS\system32\MSASN1.dll
0x64E70000 - 0x658F2000 	C:\WINDOWS\assembly\NativeImages_v4.0.30319_32\System.Design\ca9a5bc045bfd268470653e8a7649387\System.Design.ni.dll
0x685C0000 - 0x6915F000 	C:\WINDOWS\assembly\NativeImages_v4.0.30319_32\System.Web\7cb43199ebeda5e603d350013486e2fe\System.Web.ni.dll
0x6A600000 - 0x6AB61000 	C:\WINDOWS\assembly\NativeImages_v4.0.30319_32\System.Xml\ee15dfdb05b937f13210592890460856\System.Xml.ni.dll
0x6B010000 - 0x6B01F000 	C:\WINDOWS\assembly\NativeImages_v4.0.30319_32\stdole\0f2750340f5a615639c646ca4fff6a75\stdole.ni.dll
0x5A480000 - 0x5A4B8000 	C:\WINDOWS\system32\uxtheme.dll
0x5C820000 - 0x5C8BA000 	C:\WINDOWS\system32\comctl32.dll
0x74660000 - 0x746AC000 	C:\WINDOWS\system32\MSCTF.dll
0x75110000 - 0x7513E000 	C:\WINDOWS\system32\msctfime.ime
0x3A700000 - 0x3A76C000 	C:\WINDOWS\system32\IMKR14.IME
0x7D5A0000 - 0x7DD9D000 	C:\WINDOWS\system32\SHELL32.dll
0x78520000 - 0x785C3000 	C:\WINDOWS\WinSxS\x86_Microsoft.VC90.CRT_1fc8b3b9a1e18e3b_9.0.30729.4974_x-ww_d889290f\MSVCR90.dll
0x78480000 - 0x7850E000 	C:\WINDOWS\WinSxS\x86_Microsoft.VC90.CRT_1fc8b3b9a1e18e3b_9.0.30729.4974_x-ww_d889290f\MSVCP90.dll
0x77160000 - 0x77263000 	C:\WINDOWS\WinSxS\x86_Microsoft.Windows.Common-Controls_6595b64144ccf1df_6.0.2600.6028_x-ww_61e65202\comctl32.dll
0x10000000 - 0x10019000 	C:\WINDOWS\system32\btmmhook.dll
0x4B230000 - 0x4B3DB000 	C:\WINDOWS\WinSxS\x86_Microsoft.Windows.GdiPlus_6595b64144ccf1df_1.0.6002.23084_x-ww_f3f35550\gdiplus.dll
0x73B10000 - 0x73B16000 	C:\WINDOWS\system32\dciman32.dll
0x05660000 - 0x05669000 	C:\Program Files\LG Software\On Screen Display\MgHookDll.dll
0x6C6D0000 - 0x6C7C2000 	C:\Program Files\LG Software\On Screen Display\MFC42.DLL
0x05690000 - 0x0569D000 	C:\WINDOWS\system32\MFC42LOC.DLL
0x60060000 - 0x6006E000 	C:\WINDOWS\assembly\NativeImages_v4.0.30319_32\Accessibility\5e7367a1163d853b6ebec7169a4dab12\Accessibility.ni.dll
0x056F0000 - 0x05702000 	C:\HONUS\Matlabresurce\TMsourcefiles\distrib\TM_1_0.dll
0x063C0000 - 0x063DD000 	C:\Program Files\MathWorks\MATLAB Component Runtime\v71\runtime\win32\mclmcrrt71.dll
0x7C340000 - 0x7C396000 	C:\WINDOWS\system32\MSVCR71.dll
0x7C3A0000 - 0x7C41B000 	C:\WINDOWS\system32\MSVCP71.dll
0x056D0000 - 0x056D5000 	C:\Program Files\MathWorks\MATLAB Component Runtime\v71\runtime\win32\mclcommain71.dll
0x075C0000 - 0x075D4000 	C:\Program Files\MathWorks\MATLAB Component Runtime\v71\runtime\win32\mclcom71.dll
0x78700000 - 0x7878D000 	C:\Program Files\MathWorks\MATLAB Component Runtime\v71\bin\win32\libut.dll
0x76C40000 - 0x76C69000 	C:\WINDOWS\system32\imagehlp.dll
0x075E0000 - 0x07656000 	C:\Program Files\MathWorks\MATLAB Component Runtime\v71\bin\win32\icuuc24.dll
0x78430000 - 0x78435000 	C:\Program Files\MathWorks\MATLAB Component Runtime\v71\bin\win32\icudt24l.dll
0x07660000 - 0x076E2000 	C:\Program Files\MathWorks\MATLAB Component Runtime\v71\bin\win32\icuin24.dll
0x05F60000 - 0x05F6D000 	C:\Program Files\MathWorks\MATLAB Component Runtime\v71\bin\win32\icuio24.dll
0x78790000 - 0x787C8000 	C:\Program Files\MathWorks\MATLAB Component Runtime\v71\bin\win32\libmx.dll
0x786E0000 - 0x786F2000 	C:\Program Files\MathWorks\MATLAB Component Runtime\v71\bin\win32\libz.dll
0x787E0000 - 0x787E9000 	C:\Program Files\MathWorks\MATLAB Component Runtime\v71\bin\win32\libmat.dll
0x08300000 - 0x08332000 	C:\Program Files\MathWorks\MATLAB Component Runtime\v71\bin\win32\mclmcr.dll
0x08340000 - 0x083DE000 	C:\Program Files\MathWorks\MATLAB Component Runtime\v71\bin\win32\mcr.dll
0x76300000 - 0x76347000 	C:\WINDOWS\system32\comdlg32.dll
0x787F0000 - 0x787FE000 	C:\Program Files\MathWorks\MATLAB Component Runtime\v71\bin\win32\mvalue.dll
0x083E0000 - 0x0840C000 	C:\Program Files\MathWorks\MATLAB Component Runtime\v71\bin\win32\jmi.dll
0x08410000 - 0x08538000 	C:\Program Files\MathWorks\MATLAB Component Runtime\v71\bin\win32\bridge.dll
0x08540000 - 0x08684000 	C:\Program Files\MathWorks\MATLAB Component Runtime\v71\bin\win32\hg.dll
0x08690000 - 0x087B5000 	C:\Program Files\MathWorks\MATLAB Component Runtime\v71\bin\win32\numerics.dll
0x063E0000 - 0x063E7000 	C:\Program Files\MathWorks\MATLAB Component Runtime\v71\bin\win32\libmwamd.dll
0x087C0000 - 0x08846000 	C:\Program Files\MathWorks\MATLAB Component Runtime\v71\bin\win32\libfftw3.dll
0x08850000 - 0x088D1000 	C:\Program Files\MathWorks\MATLAB Component Runtime\v71\bin\win32\libfftw3f.dll
0x088E0000 - 0x088FC000 	C:\Program Files\MathWorks\MATLAB Component Runtime\v71\bin\win32\libmwlapack.dll
0x08900000 - 0x08955000 	C:\Program Files\MathWorks\MATLAB Component Runtime\v71\bin\win32\libmwumfpackv4.3.dll
0x78930000 - 0x78996000 	C:\Program Files\MathWorks\MATLAB Component Runtime\v71\bin\win32\m_dispatcher.dll
0x08960000 - 0x08AB6000 	C:\Program Files\MathWorks\MATLAB Component Runtime\v71\bin\win32\xerces-c_2_1_0.dll
0x78F60000 - 0x78F71000 	C:\Program Files\MathWorks\MATLAB Component Runtime\v71\bin\win32\datasvcs.dll
0x78800000 - 0x78815000 	C:\Program Files\MathWorks\MATLAB Component Runtime\v71\bin\win32\mpath.dll
0x78F80000 - 0x78FE7000 	C:\Program Files\MathWorks\MATLAB Component Runtime\v71\bin\win32\libmwservices.dll
0x787D0000 - 0x787DE000 	C:\Program Files\MathWorks\MATLAB Component Runtime\v71\bin\win32\libmex.dll
0x08AC0000 - 0x08ADC000 	C:\Program Files\MathWorks\MATLAB Component Runtime\v71\bin\win32\libuij.dll
0x08AE0000 - 0x08B56000 	C:\Program Files\MathWorks\MATLAB Component Runtime\v71\bin\win32\libmwgui.dll
0x08B60000 - 0x08E0C000 	C:\Program Files\MathWorks\MATLAB Component Runtime\v71\bin\win32\m_interpreter.dll
0x78EA0000 - 0x78EB1000 	C:\Program Files\MathWorks\MATLAB Component Runtime\v71\bin\win32\m_pcodegen.dll
0x78E40000 - 0x78E95000 	C:\Program Files\MathWorks\MATLAB Component Runtime\v71\bin\win32\m_ir.dll
0x78EE0000 - 0x78F53000 	C:\Program Files\MathWorks\MATLAB Component Runtime\v71\bin\win32\mlib.dll
0x78C50000 - 0x78E3E000 	C:\Program Files\MathWorks\MATLAB Component Runtime\v71\bin\win32\m_parser.dll
0x78ED0000 - 0x78EDA000 	C:\Program Files\MathWorks\MATLAB Component Runtime\v71\bin\win32\ir_xfmr.dll
0x78EC0000 - 0x78ECF000 	C:\Program Files\MathWorks\MATLAB Component Runtime\v71\bin\win32\m_pcodeio.dll
0x78820000 - 0x788A7000 	C:\Program Files\MathWorks\MATLAB Component Runtime\v71\bin\win32\mcos.dll
0x788B0000 - 0x7892E000 	C:\Program Files\MathWorks\MATLAB Component Runtime\v71\bin\win32\udd.dll
0x08E10000 - 0x08E8B000 	C:\Program Files\MathWorks\MATLAB Component Runtime\v71\bin\win32\uiw.dll
0x08E90000 - 0x08E95000 	C:\Program Files\MathWorks\MATLAB Component Runtime\v71\bin\win32\uinone.dll
0x08EA0000 - 0x08ECA000 	C:\Program Files\MathWorks\MATLAB Component Runtime\v71\bin\win32\libmwhardcopy.dll
0x7C140000 - 0x7C243000 	C:\WINDOWS\system32\MFC71.DLL
0x72F50000 - 0x72F76000 	C:\WINDOWS\system32\WINSPOOL.DRV
0x08ED0000 - 0x08F22000 	C:\Program Files\MathWorks\MATLAB Component Runtime\v71\bin\win32\udd_mi.dll
0x605F0000 - 0x60645000 	C:\WINDOWS\system32\NETAPI32.dll
0x08F30000 - 0x08F66000 	C:\Program Files\MathWorks\MATLAB Component Runtime\v71\bin\win32\comcli.dll
0x08F70000 - 0x08F81000 	C:\Program Files\MathWorks\MATLAB Component Runtime\v71\bin\win32\mwoles05.dll
0x08F90000 - 0x08F99000 	C:\Program Files\MathWorks\MATLAB Component Runtime\v71\bin\win32\mlautoregister.dll
0x08FA0000 - 0x08FAC000 	C:\Program Files\MathWorks\MATLAB Component Runtime\v71\bin\win32\ctfrt.dll
0x08FB0000 - 0x09006000 	C:\Program Files\MathWorks\MATLAB Component Runtime\v71\bin\win32\ctfrtcrypto.dll
0x09010000 - 0x09026000 	C:\Program Files\MathWorks\MATLAB Component Runtime\v71\bin\win32\ctfarchiver.dll
0x09030000 - 0x09048000 	C:\Program Files\MathWorks\MATLAB Component Runtime\v71\bin\win32\mkl.dll
0x09050000 - 0x092B6000 	C:\WINDOWS\system32\lapack.dll
0x092C0000 - 0x0932E000 	C:\WINDOWS\system32\DFORRT.dll
0x5D360000 - 0x5D36C000 	C:\WINDOWS\system32\MFC71KOR.DLL
0x736B0000 - 0x736FB000 	C:\WINDOWS\system32\DDRAW.dll
0x69500000 - 0x69EE7000 	C:\WINDOWS\system32\nvoglnt.dll
0x78100000 - 0x78238000 	C:\Program Files\MathWorks\MATLAB Component Runtime\v71\sys\java\jre\win32\jre1.4.2_04\bin\client\jvm.dll
0x76AF0000 - 0x76B1B000 	C:\WINDOWS\system32\WINMM.dll
0x78240000 - 0x78247000 	C:\Program Files\MathWorks\MATLAB Component Runtime\v71\sys\java\jre\win32\jre1.4.2_04\bin\hpi.dll
0x78250000 - 0x7825E000 	C:\Program Files\MathWorks\MATLAB Component Runtime\v71\sys\java\jre\win32\jre1.4.2_04\bin\verify.dll
0x78260000 - 0x78279000 	C:\Program Files\MathWorks\MATLAB Component Runtime\v71\sys\java\jre\win32\jre1.4.2_04\bin\java.dll
0x78280000 - 0x7828D000 	C:\Program Files\MathWorks\MATLAB Component Runtime\v71\sys\java\jre\win32\jre1.4.2_04\bin\zip.dll
0x78290000 - 0x7839F000 	C:\Program Files\MathWorks\MATLAB Component Runtime\v71\sys\java\jre\win32\jre1.4.2_04\bin\awt.dll
0x783E0000 - 0x78430000 	C:\Program Files\MathWorks\MATLAB Component Runtime\v71\sys\java\jre\win32\jre1.4.2_04\bin\fontmanager.dll
0x58DE0000 - 0x58E81000 	C:\WINDOWS\system32\DBGHELP.dll

Heap at VM Abort:
Heap
 def new generation   total 2112K, used 737K [0x10020000, 0x10260000, 0x10940000)
  eden space 1920K,  28% used [0x10020000, 0x100a8790, 0x10200000)
  from space 192K, 100% used [0x10230000, 0x10260000, 0x10260000)
  to   space 192K,   0% used [0x10200000, 0x10200000, 0x10230000)
 tenured generation   total 14080K, used 307K [0x10940000, 0x11700000, 0x14020000)
   the space 14080K,   2% used [0x10940000, 0x1098cc58, 0x1098ce00, 0x11700000)
 compacting perm gen  total 4096K, used 2521K [0x14020000, 0x14420000, 0x18020000)
   the space 4096K,  61% used [0x14020000, 0x14296628, 0x14296800, 0x14420000)

Local Time = Tue Jan 14 20:20:48 2014
Elapsed Time = 0
#
# The exception above was detected in native code outside the VM
#
# Java VM: Java HotSpot(TM) Client VM (1.4.2_04-b05 mixed mode)
#
